[debug] [2023-08-29T17:02:34.346Z] ----------------------------------------------------------------------
[debug] [2023-08-29T17:02:34.348Z] Command:       /usr/local/bin/firebase /Users/rishabh/.cache/firebase/tools/lib/node_modules/firebase-tools/lib/bin/firebase deploy
[debug] [2023-08-29T17:02:34.348Z] CLI Version:   9.17.0
[debug] [2023-08-29T17:02:34.348Z] Platform:      darwin
[debug] [2023-08-29T17:02:34.348Z] Node Version:  v12.18.1
[debug] [2023-08-29T17:02:34.350Z] Time:          Tue Aug 29 2023 22:32:34 GMT+0530 (India Standard Time)
[debug] [2023-08-29T17:02:34.350Z] ----------------------------------------------------------------------
[debug] 
[debug] [2023-08-29T17:02:34.352Z] >>> [apiv2][query] GET https://firebase-public.firebaseio.com/cli.json [none]
[debug] [2023-08-29T17:02:34.418Z] > command requires scopes: ["email","openid","https://www.googleapis.com/auth/cloudplatformprojects.readonly","https://www.googleapis.com/auth/firebase","https://www.googleapis.com/auth/cloud-platform"]
[debug] [2023-08-29T17:02:34.418Z] > authorizing via signed-in user (ri.sbh23@gmail.com)
[debug] [2023-08-29T17:02:34.418Z] [iam] checking project rishabhaggarwal-bae83 for permissions ["firebase.projects.get","firebasehosting.sites.update"]
[debug] [2023-08-29T17:02:34.420Z] > refreshing access token with scopes: ["email","https://www.googleapis.com/auth/cloud-platform","https://www.googleapis.com/auth/cloudplatformprojects.readonly","https://www.googleapis.com/auth/firebase","openid"]
[debug] [2023-08-29T17:02:34.420Z] >>> HTTP REQUEST POST https://www.googleapis.com/oauth2/v3/token  
 <request body omitted>
[debug] [2023-08-29T17:02:34.687Z] <<< HTTP RESPONSE 400 {"pragma":"no-cache","date":"Tue, 29 Aug 2023 17:02:34 GMT","cache-control":"no-cache, no-store, max-age=0, must-revalidate","expires":"Mon, 01 Jan 1990 00:00:00 GMT","content-type":"application/json; charset=utf-8","vary":"X-Origin, Referer, Origin,Accept-Encoding","server":"scaffolding on HTTPServer2","x-xss-protection":"0","x-frame-options":"SAMEORIGIN","x-content-type-options":"nosniff","alt-svc":"h3=\":443\"; ma=2592000,h3-29=\":443\"; ma=2592000","accept-ranges":"none","transfer-encoding":"chunked"}
[debug] [2023-08-29T17:02:34.688Z] >>> HTTP REQUEST POST https://cloudresourcemanager.googleapis.com/v1/projects/rishabhaggarwal-bae83:testIamPermissions  
 {"permissions":["firebase.projects.get","firebasehosting.sites.update"]}
[debug] [2023-08-29T17:02:35.073Z] <<< [apiv2][status] GET https://firebase-public.firebaseio.com/cli.json 200
[debug] [2023-08-29T17:02:35.073Z] <<< [apiv2][body] GET https://firebase-public.firebaseio.com/cli.json {"cloudBuildErrorAfter":1594252800000,"cloudBuildWarnAfter":1590019200000,"defaultNode10After":1594252800000,"minVersion":"3.0.5","node8DeploysDisabledAfter":1613390400000,"node8RuntimeDisabledAfter":1615809600000,"node8WarnAfter":1600128000000}
[debug] [2023-08-29T17:02:36.195Z] <<< HTTP RESPONSE 401 {"www-authenticate":"Bearer realm=\"https://accounts.google.com/\", error=\"invalid_token\"","vary":"X-Origin, Referer, Origin,Accept-Encoding","content-type":"application/json; charset=UTF-8","date":"Tue, 29 Aug 2023 17:02:36 GMT","server":"ESF","cache-control":"private","x-xss-protection":"0","x-frame-options":"SAMEORIGIN","x-content-type-options":"nosniff","server-timing":"gfet4t7; dur=1203","alt-svc":"h3=\":443\"; ma=2592000,h3-29=\":443\"; ma=2592000","accept-ranges":"none","transfer-encoding":"chunked"}
[debug] [2023-08-29T17:02:36.195Z] <<< HTTP RESPONSE BODY {"error":{"code":401,"message":"Request had invalid authentication credentials. Expected OAuth 2 access token, login cookie or other valid authentication credential. See https://developers.google.com/identity/sign-in/web/devconsole-project.","status":"UNAUTHENTICATED","details":[{"@type":"type.googleapis.com/google.rpc.ErrorInfo","reason":"ACCESS_TOKEN_TYPE_UNSUPPORTED","metadata":{"service":"cloudresourcemanager.googleapis.com","method":"google.cloudresourcemanager.v1.Projects.TestIamPermissions"}}]}}
[debug] [2023-08-29T17:02:36.196Z] [iam] error while checking permissions, command may fail: FirebaseError: HTTP Error: 401, Request had invalid authentication credentials. Expected OAuth 2 access token, login cookie or other valid authentication credential. See https://developers.google.com/identity/sign-in/web/devconsole-project.
[debug] [2023-08-29T17:02:36.197Z] > refreshing access token with scopes: []
[debug] [2023-08-29T17:02:36.197Z] >>> HTTP REQUEST POST https://www.googleapis.com/oauth2/v3/token  
 <request body omitted>
[debug] [2023-08-29T17:02:36.438Z] <<< HTTP RESPONSE 400 {"pragma":"no-cache","cache-control":"no-cache, no-store, max-age=0, must-revalidate","date":"Tue, 29 Aug 2023 17:02:36 GMT","expires":"Mon, 01 Jan 1990 00:00:00 GMT","content-type":"application/json; charset=utf-8","vary":"X-Origin, Referer, Origin,Accept-Encoding","server":"scaffolding on HTTPServer2","x-xss-protection":"0","x-frame-options":"SAMEORIGIN","x-content-type-options":"nosniff","alt-svc":"h3=\":443\"; ma=2592000,h3-29=\":443\"; ma=2592000","accept-ranges":"none","transfer-encoding":"chunked"}
[debug] [2023-08-29T17:02:36.440Z] >>> [apiv2][query] GET https://firebase.googleapis.com/v1beta1/projects/rishabhaggarwal-bae83 [none]
[debug] [2023-08-29T17:02:36.743Z] <<< [apiv2][status] GET https://firebase.googleapis.com/v1beta1/projects/rishabhaggarwal-bae83 401
[debug] [2023-08-29T17:02:36.743Z] <<< [apiv2][body] GET https://firebase.googleapis.com/v1beta1/projects/rishabhaggarwal-bae83 {"error":{"code":401,"message":"Request had invalid authentication credentials. Expected OAuth 2 access token, login cookie or other valid authentication credential. See https://developers.google.com/identity/sign-in/web/devconsole-project.","status":"UNAUTHENTICATED"}}
[debug] [2023-08-29T17:02:36.743Z] HTTP Error: 401, Request had invalid authentication credentials. Expected OAuth 2 access token, login cookie or other valid authentication credential. See https://developers.google.com/identity/sign-in/web/devconsole-project.
[debug] [2023-08-29T17:02:36.969Z] FirebaseError: HTTP Error: 401, Request had invalid authentication credentials. Expected OAuth 2 access token, login cookie or other valid authentication credential. See https://developers.google.com/identity/sign-in/web/devconsole-project.
    at module.exports (/Users/rishabh/.cache/firebase/tools/lib/node_modules/firebase-tools/lib/responseToError.js:38:12)
    at Client.doRequest (/Users/rishabh/.cache/firebase/tools/lib/node_modules/firebase-tools/lib/apiv2.js:238:23)
    at processTicksAndRejections (internal/process/task_queues.js:97:5)
    at async Client.request (/Users/rishabh/.cache/firebase/tools/lib/node_modules/firebase-tools/lib/apiv2.js:96:20)
    at async Object.getFirebaseProject (/Users/rishabh/.cache/firebase/tools/lib/node_modules/firebase-tools/lib/management/projects.js:290:21)
    at async Object.getDefaultHostingSite (/Users/rishabh/.cache/firebase/tools/lib/node_modules/firebase-tools/lib/getDefaultHostingSite.js:8:21)
    at async requireHostingSite (/Users/rishabh/.cache/firebase/tools/lib/node_modules/firebase-tools/lib/requireHostingSite.js:9:18)
    at async Object.fn (/Users/rishabh/.cache/firebase/tools/lib/node_modules/firebase-tools/lib/commands/deploy.js:65:9)
    at async /Users/rishabh/.cache/firebase/tools/lib/node_modules/firebase-tools/lib/command.js:188:17
[error] 
[error] Error: Failed to get Firebase project rishabhaggarwal-bae83. Please make sure the project exists and your account has permission to access it.
[debug] [2023-08-30T17:21:44.996Z] ----------------------------------------------------------------------
[debug] [2023-08-30T17:21:44.998Z] Command:       /usr/local/bin/firebase /Users/rishabh/.cache/firebase/tools/lib/node_modules/firebase-tools/lib/bin/firebase serve
[debug] [2023-08-30T17:21:44.998Z] CLI Version:   9.17.0
[debug] [2023-08-30T17:21:44.998Z] Platform:      darwin
[debug] [2023-08-30T17:21:44.998Z] Node Version:  v12.18.1
[debug] [2023-08-30T17:21:44.999Z] Time:          Wed Aug 30 2023 22:51:44 GMT+0530 (India Standard Time)
[debug] [2023-08-30T17:21:44.999Z] ----------------------------------------------------------------------
[debug] 
[debug] [2023-08-30T17:21:45.001Z] >>> [apiv2][query] GET https://firebase-public.firebaseio.com/cli.json [none]
[debug] [2023-08-30T17:21:45.056Z] > command requires scopes: ["email","openid","https://www.googleapis.com/auth/cloudplatformprojects.readonly","https://www.googleapis.com/auth/firebase","https://www.googleapis.com/auth/cloud-platform"]
[debug] [2023-08-30T17:21:45.056Z] > authorizing via signed-in user (ri.sbh23@gmail.com)
[debug] [2023-08-30T17:21:45.056Z] [iam] checking project rishabhaggarwal-bae83 for permissions ["firebase.projects.get"]
[debug] [2023-08-30T17:21:45.057Z] > refreshing access token with scopes: ["email","https://www.googleapis.com/auth/cloud-platform","https://www.googleapis.com/auth/cloudplatformprojects.readonly","https://www.googleapis.com/auth/firebase","openid"]
[debug] [2023-08-30T17:21:45.058Z] >>> HTTP REQUEST POST https://www.googleapis.com/oauth2/v3/token  
 <request body omitted>
[debug] [2023-08-30T17:21:45.318Z] <<< HTTP RESPONSE 400 {"date":"Wed, 30 Aug 2023 17:21:45 GMT","pragma":"no-cache","expires":"Mon, 01 Jan 1990 00:00:00 GMT","cache-control":"no-cache, no-store, max-age=0, must-revalidate","content-type":"application/json; charset=utf-8","vary":"X-Origin, Referer, Origin,Accept-Encoding","server":"scaffolding on HTTPServer2","x-xss-protection":"0","x-frame-options":"SAMEORIGIN","x-content-type-options":"nosniff","alt-svc":"h3=\":443\"; ma=2592000,h3-29=\":443\"; ma=2592000","accept-ranges":"none","transfer-encoding":"chunked"}
[debug] [2023-08-30T17:21:45.319Z] >>> HTTP REQUEST POST https://cloudresourcemanager.googleapis.com/v1/projects/rishabhaggarwal-bae83:testIamPermissions  
 {"permissions":["firebase.projects.get"]}
[debug] [2023-08-30T17:21:45.797Z] <<< [apiv2][status] GET https://firebase-public.firebaseio.com/cli.json 200
[debug] [2023-08-30T17:21:45.797Z] <<< [apiv2][body] GET https://firebase-public.firebaseio.com/cli.json {"cloudBuildErrorAfter":1594252800000,"cloudBuildWarnAfter":1590019200000,"defaultNode10After":1594252800000,"minVersion":"3.0.5","node8DeploysDisabledAfter":1613390400000,"node8RuntimeDisabledAfter":1615809600000,"node8WarnAfter":1600128000000}
[debug] [2023-08-30T17:21:47.055Z] <<< HTTP RESPONSE 401 {"www-authenticate":"Bearer realm=\"https://accounts.google.com/\", error=\"invalid_token\"","vary":"X-Origin, Referer, Origin,Accept-Encoding","content-type":"application/json; charset=UTF-8","date":"Wed, 30 Aug 2023 17:21:47 GMT","server":"ESF","cache-control":"private","x-xss-protection":"0","x-frame-options":"SAMEORIGIN","x-content-type-options":"nosniff","server-timing":"gfet4t7; dur=1406","alt-svc":"h3=\":443\"; ma=2592000,h3-29=\":443\"; ma=2592000","accept-ranges":"none","transfer-encoding":"chunked"}
[debug] [2023-08-30T17:21:47.055Z] <<< HTTP RESPONSE BODY {"error":{"code":401,"message":"Request had invalid authentication credentials. Expected OAuth 2 access token, login cookie or other valid authentication credential. See https://developers.google.com/identity/sign-in/web/devconsole-project.","status":"UNAUTHENTICATED","details":[{"@type":"type.googleapis.com/google.rpc.ErrorInfo","reason":"ACCESS_TOKEN_TYPE_UNSUPPORTED","metadata":{"service":"cloudresourcemanager.googleapis.com","method":"google.cloudresourcemanager.v1.Projects.TestIamPermissions"}}]}}
[debug] [2023-08-30T17:21:47.056Z] [iam] error while checking permissions, command may fail: FirebaseError: HTTP Error: 401, Request had invalid authentication credentials. Expected OAuth 2 access token, login cookie or other valid authentication credential. See https://developers.google.com/identity/sign-in/web/devconsole-project.
[debug] [2023-08-30T17:21:47.057Z] > refreshing access token with scopes: []
[debug] [2023-08-30T17:21:47.057Z] >>> HTTP REQUEST POST https://www.googleapis.com/oauth2/v3/token  
 <request body omitted>
[debug] [2023-08-30T17:21:47.297Z] <<< HTTP RESPONSE 400 {"expires":"Mon, 01 Jan 1990 00:00:00 GMT","pragma":"no-cache","date":"Wed, 30 Aug 2023 17:21:47 GMT","cache-control":"no-cache, no-store, max-age=0, must-revalidate","content-type":"application/json; charset=utf-8","vary":"X-Origin, Referer, Origin,Accept-Encoding","server":"scaffolding on HTTPServer2","x-xss-protection":"0","x-frame-options":"SAMEORIGIN","x-content-type-options":"nosniff","alt-svc":"h3=\":443\"; ma=2592000,h3-29=\":443\"; ma=2592000","accept-ranges":"none","transfer-encoding":"chunked"}
[debug] [2023-08-30T17:21:47.298Z] >>> [apiv2][query] GET https://firebase.googleapis.com/v1beta1/projects/rishabhaggarwal-bae83 [none]
[debug] [2023-08-30T17:21:47.803Z] <<< [apiv2][status] GET https://firebase.googleapis.com/v1beta1/projects/rishabhaggarwal-bae83 401
[debug] [2023-08-30T17:21:47.803Z] <<< [apiv2][body] GET https://firebase.googleapis.com/v1beta1/projects/rishabhaggarwal-bae83 {"error":{"code":401,"message":"Request had invalid authentication credentials. Expected OAuth 2 access token, login cookie or other valid authentication credential. See https://developers.google.com/identity/sign-in/web/devconsole-project.","status":"UNAUTHENTICATED"}}
[debug] [2023-08-30T17:21:47.803Z] HTTP Error: 401, Request had invalid authentication credentials. Expected OAuth 2 access token, login cookie or other valid authentication credential. See https://developers.google.com/identity/sign-in/web/devconsole-project.
[debug] [2023-08-30T17:21:48.043Z] FirebaseError: HTTP Error: 401, Request had invalid authentication credentials. Expected OAuth 2 access token, login cookie or other valid authentication credential. See https://developers.google.com/identity/sign-in/web/devconsole-project.
    at module.exports (/Users/rishabh/.cache/firebase/tools/lib/node_modules/firebase-tools/lib/responseToError.js:38:12)
    at Client.doRequest (/Users/rishabh/.cache/firebase/tools/lib/node_modules/firebase-tools/lib/apiv2.js:238:23)
    at processTicksAndRejections (internal/process/task_queues.js:97:5)
    at async Client.request (/Users/rishabh/.cache/firebase/tools/lib/node_modules/firebase-tools/lib/apiv2.js:96:20)
    at async Object.getFirebaseProject (/Users/rishabh/.cache/firebase/tools/lib/node_modules/firebase-tools/lib/management/projects.js:290:21)
    at async needProjectNumber (/Users/rishabh/.cache/firebase/tools/lib/node_modules/firebase-tools/lib/projectUtils.js:46:22)
    at async /Users/rishabh/.cache/firebase/tools/lib/node_modules/firebase-tools/lib/command.js:188:17
[error] 
[error] Error: Failed to get Firebase project rishabhaggarwal-bae83. Please make sure the project exists and your account has permission to access it.
